<?xml version="1.0" encoding="UTF-8"?>
<testng-results skipped="0" failed="0" ignored="0" total="1" passed="1">
  <reporter-output>
  </reporter-output>
  <suite name="Default suite" duration-ms="8876" started-at="2020-06-26T16:26:18Z" finished-at="2020-06-26T16:26:27Z">
    <groups>
    </groups>
    <test name="Default test" duration-ms="8876" started-at="2020-06-26T16:26:18Z" finished-at="2020-06-26T16:26:27Z">
      <class name="com.jira.apis.Firstsampletest">
        <test-method status="PASS" signature="testUserdetail()[pri:0, instance:com.jira.apis.Firstsampletest@53ca01a2]" name="testUserdetail" duration-ms="8837" started-at="2020-06-26T16:26:18Z" finished-at="2020-06-26T16:26:27Z">
          <reporter-output>
          </reporter-output>
        </test-method> <!-- testUserdetail -->
      </class> <!-- com.jira.apis.Firstsampletest -->
    </test> <!-- Default test -->
  </suite> <!-- Default suite -->
</testng-results>
